Determining if the pthread_create exist failed with the following output:
Change Dir: /home/robotica/practica5-VillafuerteBrenes/archivosPrevios/build/CMakeFiles/CMakeTmp

Run Build Command:"/usr/bin/make" "cmTC_d32dc/fast"
/usr/bin/make -f CMakeFiles/cmTC_d32dc.dir/build.make CMakeFiles/cmTC_d32dc.dir/build
make[1]: Entering directory '/home/robotica/practica5-VillafuerteBrenes/archivosPrevios/build/CMakeFiles/CMakeTmp'
Building C object CMakeFiles/cmTC_d32dc.dir/CheckSymbolExists.c.o
/usr/bin/cc     -o CMakeFiles/cmTC_d32dc.dir/CheckSymbolExists.c.o   -c /home/robotica/practica5-VillafuerteBrenes/archivosPrevios/build/CMakeFiles/CMakeTmp/CheckSymbolExists.c
Linking C executable cmTC_d32dc
/usr/bin/cmake -E cmake_link_script CMakeFiles/cmTC_d32dc.dir/link.txt --verbose=1
/usr/bin/cc       CMakeFiles/cmTC_d32dc.dir/CheckSymbolExists.c.o  -o cmTC_d32dc -rdynamic 
CMakeFiles/cmTC_d32dc.dir/CheckSymbolExists.c.o: In function `main':
CheckSymbolExists.c:(.text+0x16): undefined reference to `pthread_create'
collect2: error: ld returned 1 exit status
CMakeFiles/cmTC_d32dc.dir/build.make:97: recipe for target 'cmTC_d32dc' failed
make[1]: *** [cmTC_d32dc] Error 1
make[1]: Leaving directory '/home/robotica/practica5-VillafuerteBrenes/archivosPrevios/build/CMakeFiles/CMakeTmp'
Makefile:126: recipe for target 'cmTC_d32dc/fast' failed
make: *** [cmTC_d32dc/fast] Error 2

File /home/robotica/practica5-VillafuerteBrenes/archivosPrevios/build/CMakeFiles/CMakeTmp/CheckSymbolExists.c:
/* */
#include <pthread.h>

int main(int argc, char** argv)
{
  (void)argv;
#ifndef pthread_create
  return ((int*)(&pthread_create))[argc];
#else
  (void)argc;
  return 0;
#endif
}

Determining if the function pthread_create exists in the pthreads failed with the following output:
Change Dir: /home/robotica/practica5-VillafuerteBrenes/archivosPrevios/build/CMakeFiles/CMakeTmp

Run Build Command:"/usr/bin/make" "cmTC_231dd/fast"
/usr/bin/make -f CMakeFiles/cmTC_231dd.dir/build.make CMakeFiles/cmTC_231dd.dir/build
make[1]: Entering directory '/home/robotica/practica5-VillafuerteBrenes/archivosPrevios/build/CMakeFiles/CMakeTmp'
Building C object CMakeFiles/cmTC_231dd.dir/CheckFunctionExists.c.o
/usr/bin/cc    -DCHECK_FUNCTION_EXISTS=pthread_create   -o CMakeFiles/cmTC_231dd.dir/CheckFunctionExists.c.o   -c /usr/share/cmake-3.5/Modules/CheckFunctionExists.c
Linking C executable cmTC_231dd
/usr/bin/cmake -E cmake_link_script CMakeFiles/cmTC_231dd.dir/link.txt --verbose=1
/usr/bin/cc   -DCHECK_FUNCTION_EXISTS=pthread_create    CMakeFiles/cmTC_231dd.dir/CheckFunctionExists.c.o  -o cmTC_231dd -rdynamic -lpthreads 
/usr/bin/ld: cannot find -lpthreads
collect2: error: ld returned 1 exit status
CMakeFiles/cmTC_231dd.dir/build.make:97: recipe for target 'cmTC_231dd' failed
make[1]: *** [cmTC_231dd] Error 1
make[1]: Leaving directory '/home/robotica/practica5-VillafuerteBrenes/archivosPrevios/build/CMakeFiles/CMakeTmp'
Makefile:126: recipe for target 'cmTC_231dd/fast' failed
make: *** [cmTC_231dd/fast] Error 2


